TN:
SF:src/app.ts
FNF:0
FNH:0
DA:1,1
DA:2,1
DA:3,1
DA:4,1
DA:5,1
DA:6,1
DA:7,1
DA:8,1
DA:9,1
DA:10,1
DA:11,1
DA:12,1
LF:12
LH:12
BRF:0
BRH:0
end_of_record
TN:
SF:src/server.ts
FN:1,(empty-report)
FNF:1
FNH:0
FNDA:0,(empty-report)
DA:1,0
DA:2,0
DA:3,0
DA:4,0
DA:5,0
DA:6,0
DA:7,0
LF:7
LH:0
BRDA:1,0,0,0
BRF:1
BRH:0
end_of_record
TN:
SF:src/controllers/accounts.ts
FN:6,getAccounts
FN:10,getAccount
FN:24,addAccount
FN:35,setAccount
FN:57,loginAccount
FN:74,logoutAccount
FNF:6
FNH:6
FNDA:1,getAccounts
FNDA:3,getAccount
FNDA:2,addAccount
FNDA:3,setAccount
FNDA:2,loginAccount
FNDA:1,logoutAccount
DA:1,1
DA:2,1
DA:3,1
DA:4,1
DA:5,1
DA:6,1
DA:7,1
DA:8,1
DA:9,1
DA:10,3
DA:11,3
DA:12,3
DA:13,3
DA:14,2
DA:15,2
DA:16,3
DA:17,1
DA:18,3
DA:19,1
DA:20,1
DA:21,1
DA:22,3
DA:23,1
DA:24,2
DA:25,2
DA:26,2
DA:27,2
DA:28,2
DA:29,2
DA:30,0
DA:31,0
DA:32,0
DA:33,2
DA:34,1
DA:35,3
DA:36,3
DA:37,3
DA:38,3
DA:39,3
DA:40,3
DA:41,3
DA:42,3
DA:43,2
DA:44,2
DA:45,2
DA:46,2
DA:47,2
DA:48,2
DA:49,2
DA:50,2
DA:51,3
DA:52,0
DA:53,0
DA:54,0
DA:55,3
DA:56,1
DA:57,2
DA:58,2
DA:59,2
DA:60,2
DA:61,2
DA:62,2
DA:63,2
DA:64,2
DA:65,2
DA:66,1
DA:67,1
DA:68,2
DA:69,0
DA:70,0
DA:71,0
DA:72,2
DA:73,1
DA:74,1
DA:75,1
DA:76,1
DA:77,1
DA:78,1
DA:79,1
DA:80,1
DA:81,1
DA:82,1
DA:83,1
DA:84,1
DA:85,1
LF:85
LH:76
BRDA:6,0,0,1
BRDA:10,1,0,3
BRDA:13,2,0,1
BRDA:14,3,0,2
BRDA:16,4,0,1
BRDA:18,5,0,1
BRDA:15,6,0,2
BRDA:24,7,0,2
BRDA:29,8,0,0
BRDA:35,9,0,3
BRDA:38,10,0,0
BRDA:42,11,0,1
BRDA:43,12,0,2
BRDA:51,13,0,0
BRDA:41,14,0,3
BRDA:57,15,0,2
BRDA:65,16,0,1
BRDA:68,17,0,0
BRDA:61,18,0,2
BRDA:74,19,0,1
BRF:20
BRH:16
end_of_record
TN:
SF:src/models/account.ts
FNF:0
FNH:0
DA:1,1
DA:2,1
DA:3,1
DA:4,1
DA:5,1
DA:6,1
DA:7,1
DA:8,1
DA:9,1
DA:10,1
DA:11,1
DA:12,1
DA:13,1
DA:14,1
DA:15,1
DA:16,1
DA:17,1
DA:18,1
DA:19,1
DA:20,1
DA:21,1
DA:22,1
DA:23,1
DA:24,1
LF:24
LH:24
BRF:0
BRH:0
end_of_record
TN:
SF:src/models/accountStatus.ts
FN:1,(empty-report)
FNF:1
FNH:0
FNDA:0,(empty-report)
DA:1,0
DA:2,0
DA:3,0
DA:4,0
DA:5,0
DA:6,0
LF:6
LH:0
BRDA:1,0,0,0
BRF:1
BRH:0
end_of_record
TN:
SF:src/routes/accounts.ts
FN:6,validateSchema
FN:22,validateAccount
FN:26,validateLogin
FNF:3
FNH:3
FNDA:9,validateSchema
FNDA:6,validateAccount
FNDA:3,validateLogin
DA:1,1
DA:2,1
DA:3,1
DA:4,1
DA:5,1
DA:6,9
DA:7,9
DA:8,9
DA:9,9
DA:10,9
DA:11,9
DA:12,9
DA:13,9
DA:14,2
DA:15,2
DA:16,2
DA:17,2
DA:18,2
DA:19,2
DA:20,2
DA:21,1
DA:22,6
DA:23,6
DA:24,6
DA:25,1
DA:26,3
DA:27,3
DA:28,3
DA:29,1
DA:30,1
DA:31,1
DA:32,1
DA:33,1
DA:34,1
DA:35,1
DA:36,1
DA:37,1
DA:38,1
DA:39,1
DA:40,1
DA:41,1
DA:42,1
DA:43,1
DA:44,1
LF:44
LH:44
BRDA:6,0,0,9
BRDA:13,1,0,7
BRDA:14,2,0,2
BRDA:16,3,0,2
BRDA:22,4,0,6
BRDA:26,5,0,3
BRF:6
BRH:6
end_of_record
